[05:45:41.037][INFO][CraftTweaker-EarlyInit]: CraftTweaker is running on a Minecraft 1.20.1 production server modded with platform Forge
[05:45:41.054][INFO][CraftTweaker-EarlyInit]: Successfully injected RecipeFS file system
[05:45:41.105][INFO][CraftTweaker-Plugins]: Successfully identified and loaded plugin jeitweaker:common
[05:45:41.135][INFO][CraftTweaker-Plugins]: Successfully identified and loaded plugin crafttweaker:builtin
[05:45:41.138][INFO][CraftTweaker-Plugins]: Successfully identified and loaded plugin crafttweaker:builtin_forge
[05:45:41.148][INFO][CraftTweaker-Plugins]: Successfully identified and loaded plugin farmersdelight:crafttweaker_plugin
[05:45:41.191][INFO][JEITweaker]: Identified JeiTweaker plugin 'jeitweaker:forge': loading scheduled
[05:45:41.192][INFO][JEITweaker]: Identified JeiTweaker plugin 'jeitweaker:common': loading scheduled
[05:45:41.212][INFO][JEITweaker]: JEITweaker Environmental Check: the combination of mods [jei] is fully supported
[05:45:41.212][INFO][JEITweaker]: Running JeiTweaker plugin initialization
[05:45:41.229][INFO][JEITweaker]: JeiTweaker plugin initialization completed successfully
[05:45:42.327][INFO][CraftTweaker]: The following mods have explicit CraftTweaker support through the default plugin:
[05:45:42.332][INFO][CraftTweaker]: - 'aether' at version '1.20.1-1.2.0-neoforge'
[05:45:42.332][INFO][CraftTweaker]: - 'aquaculture' at version '2.5.1'
[05:45:42.332][INFO][CraftTweaker]: - 'crafttweaker' at version '14.0.38'
[05:45:42.332][INFO][CraftTweaker]: - 'cyclic' at version '1.12.9'
[05:45:42.332][INFO][CraftTweaker]: - 'farmersdelight' at version '1.20.1-1.2.4'
[05:45:42.332][INFO][CraftTweaker]: - 'jeitweaker' at version '8.0.6'
[05:45:42.332][INFO][CraftTweaker]: - 'structurecompass' at version '2.0.8'
[05:46:04.027][INFO][CraftTweaker-ZenCode]: Started loading scripts for loader 'initialize'
[05:46:04.805][INFO][CraftTweaker-ZenCode]: Compiling and executing scripts
[05:46:04.917][INFO][CraftTweaker-ZenCode]: Successfully initialized modules [crafttweaker, expansions]
[05:46:05.138][INFO][CraftTweaker-ZenCode]: Execution for loader 'initialize' completed successfully
[05:46:16.785][INFO][CraftTweaker-ZenCode]: Started loading scripts for loader 'tags'
[05:46:16.828][INFO][CraftTweaker-ZenCode]: Compiling and executing scripts
[05:46:16.850][INFO][CraftTweaker-ZenCode]: Successfully initialized modules [crafttweaker, expansions]
[05:46:16.866][INFO][CraftTweaker-ZenCode]: Execution for loader 'tags' completed successfully
[05:46:22.601][INFO][CraftTweaker]: crafttweaker.reload.start
[05:46:22.613][INFO][CraftTweaker-ZenCode]: Started loading scripts for loader 'crafttweaker'
[05:46:22.644][INFO][CraftTweaker-ZenCode]: Compiling and executing scripts
[05:46:22.981][INFO][CraftTweaker-ZenCode]: Successfully initialized modules [mods, crafttweaker, expansions]
[05:46:22.982][INFO][CraftTweaker-ZenCode]: Loading file 'add.zs' with priority 0
[05:46:22.987][INFO][CraftTweaker-ZenCode]: Loading file 'jeiremove.zs' with priority 0
[05:46:22.988][INFO][CraftTweaker-ZenCode]: Loading file 'tags.zs' with priority 0
[05:46:23.058][INFO][CraftTweaker]: Adding 'minecraft:crafting' recipe, of type: "shaped", with name: 'crafttweaker:enderchest_norm' that outputs: '<item:minecraft:ender_chest>'
[05:46:23.059][INFO][CraftTweaker]: Adding 'minecraft:crafting' recipe, of type: "shaped", with name: 'crafttweaker:coal_rod' that outputs: '<item:georenouveau:coal_geore_dowsing_rod>'
[05:46:23.060][INFO][CraftTweaker]: Adding 'minecraft:crafting' recipe, of type: "shaped", with name: 'crafttweaker:copper_rod' that outputs: '<item:georenouveau:copper_geore_dowsing_rod>'
[05:46:23.060][INFO][CraftTweaker]: Adding 'minecraft:crafting' recipe, of type: "shaped", with name: 'crafttweaker:diamond_rod' that outputs: '<item:georenouveau:diamond_geore_dowsing_rod>'
[05:46:23.060][INFO][CraftTweaker]: Adding 'minecraft:crafting' recipe, of type: "shaped", with name: 'crafttweaker:emerald_rod' that outputs: '<item:georenouveau:emerald_geore_dowsing_rod>'
[05:46:23.060][INFO][CraftTweaker]: Adding 'minecraft:crafting' recipe, of type: "shaped", with name: 'crafttweaker:gold_rod' that outputs: '<item:georenouveau:gold_geore_dowsing_rod>'
[05:46:23.060][INFO][CraftTweaker]: Adding 'minecraft:crafting' recipe, of type: "shaped", with name: 'crafttweaker:iron_rod' that outputs: '<item:georenouveau:iron_geore_dowsing_rod>'
[05:46:23.060][INFO][CraftTweaker]: Adding 'minecraft:crafting' recipe, of type: "shaped", with name: 'crafttweaker:lapis_rod' that outputs: '<item:georenouveau:lapis_geore_dowsing_rod>'
[05:46:23.061][INFO][CraftTweaker]: Adding 'minecraft:crafting' recipe, of type: "shaped", with name: 'crafttweaker:quartz_rod' that outputs: '<item:georenouveau:quartz_geore_dowsing_rod>'
[05:46:23.061][INFO][CraftTweaker]: Adding 'minecraft:crafting' recipe, of type: "shaped", with name: 'crafttweaker:redstone_rod' that outputs: '<item:georenouveau:redstone_geore_dowsing_rod>'
[05:46:23.061][INFO][CraftTweaker]: Adding 'minecraft:crafting' recipe, of type: "shaped", with name: 'crafttweaker:zinc_rod' that outputs: '<item:georenouveau:zinc_geore_dowsing_rod>'
[05:46:23.061][INFO][CraftTweaker]: Adding 'minecraft:crafting' recipe, of type: "shaped", with name: 'crafttweaker:structurecompass' that outputs: '<item:structurecompass:structure_compass>'
[05:46:23.063][INFO][CraftTweaker]: Adding 'minecraft:crafting' recipe, of type: "shaped", with name: 'crafttweaker:arsgravel' that outputs: '<item:minecraft:gravel> * 8'
[05:46:23.064][INFO][CraftTweaker]: Adding 'minecraft:crafting' recipe, of type: "shaped", with name: 'crafttweaker:arssand' that outputs: '<item:minecraft:sand> * 8'
[05:46:23.064][INFO][CraftTweaker]: Adding 'minecraft:crafting' recipe, of type: "shapeless", with name: 'crafttweaker:arsclay' that outputs: '<item:minecraft:clay_ball> * 4'
[05:46:23.064][INFO][CraftTweaker]: Adding 'minecraft:crafting' recipe, of type: "shaped", with name: 'crafttweaker:irongear' that outputs: '<item:industrialforegoing:iron_gear>'
[05:46:23.065][INFO][CraftTweaker]: Adding 'minecraft:crafting' recipe, of type: "shaped", with name: 'crafttweaker:goldgear' that outputs: '<item:industrialforegoing:gold_gear>'
[05:46:23.066][INFO][CraftTweaker]: Adding 'minecraft:blasting' recipe, with name: 'crafttweaker:silverblast' that outputs: '<item:occultism:silver_ingot>'
[05:46:23.067][INFO][CraftTweaker]: Adding 'minecraft:smelting' recipe, with name: 'crafttweaker:silverfurnace' that outputs: '<item:occultism:silver_ingot>'
[05:46:23.067][INFO][CraftTweaker]: Adding 'minecraft:crafting' recipe, of type: "shaped", with name: 'crafttweaker:capacitor' that outputs: '<item:createaddition:capacitor>'
[05:46:23.074][INFO][CraftTweaker]: Removing all recipes that output <item:regions_unexplored:raw_redstone_block>
[05:46:23.103][INFO][CraftTweaker]: Removed 1 recipes registered in these 1 recipe managers: [<recipetype:minecraft:crafting>: 1]
[05:46:23.103][INFO][CraftTweaker]: Removing all recipes that output <item:cyclic:ender_book>
[05:46:23.121][INFO][CraftTweaker]: Removed 1 recipes registered in these 1 recipe managers: [<recipetype:minecraft:crafting>: 1]
[05:46:23.121][INFO][CraftTweaker]: Removing all recipes that output <item:cyclic:inventory_cake>
[05:46:23.133][INFO][CraftTweaker]: Removed 1 recipes registered in these 1 recipe managers: [<recipetype:minecraft:crafting>: 1]
[05:46:23.133][INFO][CraftTweaker]: Removing all recipes that output <item:cyclic:storage_bag>
[05:46:23.143][INFO][CraftTweaker]: Removed 1 recipes registered in these 1 recipe managers: [<recipetype:minecraft:crafting>: 1]
[05:46:23.143][INFO][CraftTweaker]: Removing all recipes that output <item:cyclic:crafting_bag>
[05:46:23.151][INFO][CraftTweaker]: Removed 1 recipes registered in these 1 recipe managers: [<recipetype:minecraft:crafting>: 1]
[05:46:23.151][INFO][CraftTweaker]: Removing all recipes that output <item:cyclic:crafting_stick>
[05:46:23.160][INFO][CraftTweaker]: Removed 1 recipes registered in these 1 recipe managers: [<recipetype:minecraft:crafting>: 1]
[05:46:23.160][INFO][CraftTweaker]: Removing all recipes that output <item:cyclic:mob_container>
[05:46:23.167][INFO][CraftTweaker]: Removed 0 recipes registered in these 0 recipe managers: []
[05:46:23.167][INFO][CraftTweaker]: Removing all recipes that output <item:cyclic:magic_net>
[05:46:23.173][INFO][CraftTweaker]: Removed 1 recipes registered in these 1 recipe managers: [<recipetype:minecraft:crafting>: 1]
[05:46:23.173][INFO][CraftTweaker]: Removing all recipes that output <item:cyclic:tile_transporter_empty>
[05:46:23.179][INFO][CraftTweaker]: Removed 2 recipes registered in these 1 recipe managers: [<recipetype:minecraft:crafting>: 2]
[05:46:23.179][INFO][CraftTweaker]: Removing all recipes that output <item:cyclic:sleeping_mat>
[05:46:23.185][INFO][CraftTweaker]: Removed 1 recipes registered in these 1 recipe managers: [<recipetype:minecraft:crafting>: 1]
[05:46:23.185][INFO][CraftTweaker]: Removing all recipes that output <item:cyclic:cable_wrench>
[05:46:23.191][INFO][CraftTweaker]: Removed 1 recipes registered in these 1 recipe managers: [<recipetype:minecraft:crafting>: 1]
[05:46:23.191][INFO][CraftTweaker]: Removing all recipes that output <item:cyclic:lunchbox>
[05:46:23.196][INFO][CraftTweaker]: Removed 1 recipes registered in these 1 recipe managers: [<recipetype:minecraft:crafting>: 1]
[05:46:23.196][INFO][CraftTweaker]: Removing all recipes that output <item:cyclic:anvil_void>
[05:46:23.202][INFO][CraftTweaker]: Removed 1 recipes registered in these 1 recipe managers: [<recipetype:minecraft:crafting>: 1]
[05:46:23.202][INFO][CraftTweaker]: Removing all recipes that output <item:cyclic:crusher>
[05:46:23.207][INFO][CraftTweaker]: Removed 1 recipes registered in these 1 recipe managers: [<recipetype:minecraft:crafting>: 1]
[05:46:23.207][INFO][CraftTweaker]: Removing all recipes that output <item:cyclic:uncrafter>
[05:46:23.212][INFO][CraftTweaker]: Removed 1 recipes registered in these 1 recipe managers: [<recipetype:minecraft:crafting>: 1]
[05:46:23.212][INFO][CraftTweaker]: Removing all recipes that output <item:cyclic:anvil>
[05:46:23.217][INFO][CraftTweaker]: Removed 1 recipes registered in these 1 recipe managers: [<recipetype:minecraft:crafting>: 1]
[05:46:23.217][INFO][CraftTweaker]: Removing all recipes that output <item:cyclic:anvil_magma>
[05:46:23.222][INFO][CraftTweaker]: Removed 1 recipes registered in these 1 recipe managers: [<recipetype:minecraft:crafting>: 1]
[05:46:23.222][INFO][CraftTweaker]: Removing all recipes that output <item:cyclic:disenchanter>
[05:46:23.227][INFO][CraftTweaker]: Removed 1 recipes registered in these 1 recipe managers: [<recipetype:minecraft:crafting>: 1]
[05:46:23.227][INFO][CraftTweaker]: Removing all recipes that output <item:cyclic:experience_pylon>
[05:46:23.231][INFO][CraftTweaker]: Removed 1 recipes registered in these 1 recipe managers: [<recipetype:minecraft:crafting>: 1]
[05:46:23.231][INFO][CraftTweaker]: Removing all recipes that output <item:cyclic:energy_pipe>
[05:46:23.236][INFO][CraftTweaker]: Removed 1 recipes registered in these 1 recipe managers: [<recipetype:minecraft:crafting>: 1]
[05:46:23.236][INFO][CraftTweaker]: Removing all recipes that output <item:cyclic:item_pipe>
[05:46:23.240][INFO][CraftTweaker]: Removed 1 recipes registered in these 1 recipe managers: [<recipetype:minecraft:crafting>: 1]
[05:46:23.241][INFO][CraftTweaker]: Removing all recipes that output <item:cyclic:fluid_pipe>
[05:46:23.246][INFO][CraftTweaker]: Removed 1 recipes registered in these 1 recipe managers: [<recipetype:minecraft:crafting>: 1]
[05:46:23.246][INFO][CraftTweaker]: Removing all recipes that output <item:cyclic:item_infinite>
[05:46:23.252][INFO][CraftTweaker]: Removed 0 recipes registered in these 0 recipe managers: []
[05:46:23.252][INFO][CraftTweaker]: Removing all recipes that output <item:cyclic:tile_transporter>
[05:46:23.257][INFO][CraftTweaker]: Removed 0 recipes registered in these 0 recipe managers: []
[05:46:23.257][INFO][CraftTweaker]: Removing all recipes that output <item:reliquary:hero_medallion>
[05:46:23.262][INFO][CraftTweaker]: Removed 1 recipes registered in these 1 recipe managers: [<recipetype:minecraft:crafting>: 1]
[05:46:23.262][INFO][CraftTweaker]: Removing all recipes that output <item:georenouveau:ruby_geore_dowsing_rod>
[05:46:23.266][INFO][CraftTweaker]: Removed 0 recipes registered in these 0 recipe managers: []
[05:46:23.267][INFO][CraftTweaker]: Removing all recipes that output <item:georenouveau:sapphire_geore_dowsing_rod>
[05:46:23.271][INFO][CraftTweaker]: Removed 0 recipes registered in these 0 recipe managers: []
[05:46:23.271][INFO][CraftTweaker]: Removing all recipes that output <item:georenouveau:topaz_geore_dowsing_rod>
[05:46:23.276][INFO][CraftTweaker]: Removed 0 recipes registered in these 0 recipe managers: []
[05:46:23.277][INFO][CraftTweaker]: Removing 'minecraft:crafting' recipe(s) with name(s): '[industrialforegoing:iron_gear]'
[05:46:23.277][INFO][CraftTweaker]: Removing 'minecraft:crafting' recipe(s) with name(s): '[industrialforegoing:gold_gear]'
[05:46:23.277][INFO][CraftTweaker]: Removing 'minecraft:crafting' recipe(s) with name(s): '[lexchange:conversions/blocks/logs_to_obsidian]'
[05:46:23.277][INFO][CraftTweaker]: Removing 'minecraft:crafting' recipe(s) with name(s): '[lexchange:conversions/resources/emerald_to_diamond]'
[05:46:23.277][INFO][CraftTweaker]: Removing 'minecraft:crafting' recipe(s) with name(s): '[lexchange:conversions/blk_to_res_and_res_to_blk/iron_ingot_to_obsidian]'
[05:46:23.277][INFO][CraftTweaker]: Removing 'minecraft:crafting' recipe(s) with name(s): '[lexchange:conversions/blocks/clay_to_gravel]'
[05:46:23.278][INFO][CraftTweaker]: Removing 'minecraft:crafting' recipe(s) with name(s): '[lexchange:conversions/blocks/dirt_to_gravel]'
[05:46:23.278][INFO][CraftTweaker]: Removing 'minecraft:crafting' recipe(s) with name(s): '[lexchange:conversions/blocks/grass_to_sand]'
[05:46:23.278][INFO][CraftTweaker]: Removing 'minecraft:crafting' recipe(s) with name(s): '[georenouveau:coal_geore_dowsing_rod]'
[05:46:23.278][INFO][CraftTweaker]: Removing 'minecraft:crafting' recipe(s) with name(s): '[georenouveau:copper_geore_dowsing_rod]'
[05:46:23.278][INFO][CraftTweaker]: Removing 'minecraft:crafting' recipe(s) with name(s): '[georenouveau:diamond_geore_dowsing_rod]'
[05:46:23.278][INFO][CraftTweaker]: Removing 'minecraft:crafting' recipe(s) with name(s): '[georenouveau:emerald_geore_dowsing_rod]'
[05:46:23.278][INFO][CraftTweaker]: Removing 'minecraft:crafting' recipe(s) with name(s): '[georenouveau:gold_geore_dowsing_rod]'
[05:46:23.278][INFO][CraftTweaker]: Removing 'minecraft:crafting' recipe(s) with name(s): '[georenouveau:iron_geore_dowsing_rod]'
[05:46:23.278][INFO][CraftTweaker]: Removing 'minecraft:crafting' recipe(s) with name(s): '[georenouveau:lapis_geore_dowsing_rod]'
[05:46:23.278][INFO][CraftTweaker]: Removing 'minecraft:crafting' recipe(s) with name(s): '[georenouveau:quartz_geore_dowsing_rod]'
[05:46:23.278][INFO][CraftTweaker]: Removing 'minecraft:crafting' recipe(s) with name(s): '[georenouveau:redstone_geore_dowsing_rod]'
[05:46:23.278][INFO][CraftTweaker]: Removing 'minecraft:crafting' recipe(s) with name(s): '[georenouveau:zinc_geore_dowsing_rod]'
[05:46:23.278][INFO][CraftTweaker]: Removing 'minecraft:crafting' recipe(s) with name(s): '[structurecompass:structure_compass]'
[05:46:23.280][INFO][CraftTweaker]: Adding: [enlightened_end:void_leviathan] to tag: <tag:entity_types:mob_grinding_utils:no_dirt_spawn>
[05:46:23.281][INFO][CraftTweaker]: Adding: [realmrpg_wyrms:ender_wyrm] to tag: <tag:entity_types:mob_grinding_utils:no_dirt_spawn>
[05:46:23.281][INFO][CraftTweaker]: Adding: [realmrpg_wyrms:red_wyrm] to tag: <tag:entity_types:mob_grinding_utils:no_dirt_spawn>
[05:46:23.281][INFO][CraftTweaker]: Adding: [enderzoology:wither_witch] to tag: <tag:entity_types:mob_grinding_utils:no_dirt_spawn>
[05:46:23.281][INFO][CraftTweaker]: Adding: [enderzoology:wither_cat] to tag: <tag:entity_types:mob_grinding_utils:no_dirt_spawn>
[05:46:23.281][INFO][CraftTweaker]: Adding: [ars_nouveau:whirlisprig] to tag: <tag:entity_types:mob_grinding_utils:no_dirt_spawn>
[05:46:23.281][INFO][CraftTweaker]: Adding: [ars_nouveau:drygmy] to tag: <tag:entity_types:mob_grinding_utils:no_dirt_spawn>
[05:46:23.282][INFO][CraftTweaker]: Adding: [ars_nouveau:starbuncle] to tag: <tag:entity_types:mob_grinding_utils:no_dirt_spawn>
[05:46:23.282][INFO][CraftTweaker]: Adding: [ars_nouveau:gift_starby] to tag: <tag:entity_types:mob_grinding_utils:no_dirt_spawn>
[05:46:23.282][INFO][CraftTweaker]: Adding: [forbidden_arcanus:lost_soul] to tag: <tag:entity_types:mob_grinding_utils:no_dirt_spawn>
[05:46:23.282][INFO][CraftTweaker]: Adding: [rats:pied_piper] to tag: <tag:entity_types:mob_grinding_utils:no_dirt_spawn>
[05:46:23.282][INFO][CraftTweaker]: Adding: [enderzoology:infested_zombie] to tag: <tag:entity_types:mob_grinding_utils:no_dirt_spawn>
[05:46:23.282][INFO][CraftTweaker]: Adding: [enlightened_end:void_leviathan] to tag: <tag:entity_types:mob_grinding_utils:no_spawn>
[05:46:23.282][INFO][CraftTweaker]: Adding: [realmrpg_wyrms:ender_wyrm] to tag: <tag:entity_types:mob_grinding_utils:no_spawn>
[05:46:23.282][INFO][CraftTweaker]: Adding: [realmrpg_wyrms:red_wyrm] to tag: <tag:entity_types:mob_grinding_utils:no_spawn>
[05:46:23.282][INFO][CraftTweaker]: Adding: [ars_nouveau:whirlisprig] to tag: <tag:entity_types:mob_grinding_utils:no_spawn>
[05:46:23.283][INFO][CraftTweaker]: Adding: [ars_nouveau:drygmy] to tag: <tag:entity_types:mob_grinding_utils:no_spawn>
[05:46:23.283][INFO][CraftTweaker]: Adding: [ars_nouveau:starbuncle] to tag: <tag:entity_types:mob_grinding_utils:no_spawn>
[05:46:23.283][INFO][CraftTweaker]: Adding: [ars_nouveau:gift_starby] to tag: <tag:entity_types:mob_grinding_utils:no_spawn>
[05:46:23.283][INFO][CraftTweaker]: Adding: [forbidden_arcanus:lost_soul] to tag: <tag:entity_types:mob_grinding_utils:no_spawn>
[05:46:23.283][INFO][CraftTweaker]: Adding: [rats:pied_piper] to tag: <tag:entity_types:mob_grinding_utils:no_spawn>
[05:46:23.283][INFO][CraftTweaker]: Adding: [enderzoology:infested_zombie] to tag: <tag:entity_types:mob_grinding_utils:no_spawn>
[05:46:23.283][INFO][CraftTweaker]: Adding: [enlightened_end:void_leviathan] to tag: <tag:entity_types:mob_grinding_utils:no_swab>
[05:46:23.283][INFO][CraftTweaker]: Adding: [realmrpg_wyrms:ender_wyrm] to tag: <tag:entity_types:mob_grinding_utils:no_swab>
[05:46:23.283][INFO][CraftTweaker]: Adding: [realmrpg_wyrms:red_wyrm] to tag: <tag:entity_types:mob_grinding_utils:no_swab>
[05:46:23.284][INFO][CraftTweaker]: Adding: [enderzoology:wither_witch] to tag: <tag:entity_types:mob_grinding_utils:no_swab>
[05:46:23.284][INFO][CraftTweaker]: Adding: [enderzoology:wither_cat] to tag: <tag:entity_types:mob_grinding_utils:no_swab>
[05:46:23.284][INFO][CraftTweaker]: Adding: [ars_nouveau:whirlisprig] to tag: <tag:entity_types:mob_grinding_utils:no_swab>
[05:46:23.284][INFO][CraftTweaker]: Adding: [ars_nouveau:drygmy] to tag: <tag:entity_types:mob_grinding_utils:no_swab>
[05:46:23.284][INFO][CraftTweaker]: Adding: [ars_nouveau:starbuncle] to tag: <tag:entity_types:mob_grinding_utils:no_swab>
[05:46:23.284][INFO][CraftTweaker]: Adding: [ars_nouveau:gift_starby] to tag: <tag:entity_types:mob_grinding_utils:no_swab>
[05:46:23.284][INFO][CraftTweaker]: Adding: [forbidden_arcanus:lost_soul] to tag: <tag:entity_types:mob_grinding_utils:no_swab>
[05:46:23.284][INFO][CraftTweaker]: Adding: [rats:pied_piper] to tag: <tag:entity_types:mob_grinding_utils:no_swab>
[05:46:23.284][INFO][CraftTweaker]: Adding: [minecraft:warden] to tag: <tag:entity_types:ars_nouveau:drygmy_blacklist>
[05:46:23.284][INFO][CraftTweaker]: Adding: [minecraft:ender_dragon] to tag: <tag:entity_types:ars_nouveau:drygmy_blacklist>
[05:46:23.285][INFO][CraftTweaker]: Adding: [minecraft:wither] to tag: <tag:entity_types:ars_nouveau:drygmy_blacklist>
[05:46:23.294][INFO][CraftTweaker-ZenCode]: Execution for loader 'crafttweaker' completed successfully
[05:46:23.296][INFO][CraftTweaker]: crafttweaker.reload.complete
[05:46:23.296][INFO][CraftTweaker]: This reload was made possible by Jellycraft and more! Become a patron at https://patreon.com/jaredlll08?s=crtmod
